-------------------------------------------------------------------------------
Test set: io.avalia.user.api.spec.SpecificationTest
-------------------------------------------------------------------------------
Tests run: 12, Failures: 0, Errors: 2, Skipped: 7, Time elapsed: 0.883 sec <<< FAILURE!
When I POST a correct users /authenticate endpoint(Scenario: get a token with credentials)  Time elapsed: 0.003 sec  <<< ERROR!
java.lang.IllegalArgumentException: Expected URL scheme 'http' or 'https' but no colon was found
	at okhttp3.HttpUrl$Builder.parse$okhttp(HttpUrl.kt:1257)
	at okhttp3.HttpUrl$Companion.get(HttpUrl.kt:1630)
	at okhttp3.Request$Builder.url(Request.kt:184)
	at io.avalia.users.ApiClient.buildRequest(ApiClient.java:1025)
	at io.avalia.users.ApiClient.buildCall(ApiClient.java:1000)
	at io.avalia.users.api.DefaultApi.createAuthenticationTokenCall(DefaultApi.java:226)
	at io.avalia.users.api.DefaultApi.createAuthenticationTokenValidateBeforeCall(DefaultApi.java:238)
	at io.avalia.users.api.DefaultApi.createAuthenticationTokenWithHttpInfo(DefaultApi.java:275)
	at io.avalia.user.api.spec.steps.GetSteps.i_POST_it_to_the_users_endpoint(GetSteps.java:46)
	at ✽.When I POST a correct users /authenticate endpoint(get.feature:7)

Scenario: get a token with credentials  Time elapsed: 0.003 sec  <<< ERROR!
java.lang.IllegalArgumentException: Expected URL scheme 'http' or 'https' but no colon was found
	at okhttp3.HttpUrl$Builder.parse$okhttp(HttpUrl.kt:1257)
	at okhttp3.HttpUrl$Companion.get(HttpUrl.kt:1630)
	at okhttp3.Request$Builder.url(Request.kt:184)
	at io.avalia.users.ApiClient.buildRequest(ApiClient.java:1025)
	at io.avalia.users.ApiClient.buildCall(ApiClient.java:1000)
	at io.avalia.users.api.DefaultApi.createAuthenticationTokenCall(DefaultApi.java:226)
	at io.avalia.users.api.DefaultApi.createAuthenticationTokenValidateBeforeCall(DefaultApi.java:238)
	at io.avalia.users.api.DefaultApi.createAuthenticationTokenWithHttpInfo(DefaultApi.java:275)
	at io.avalia.user.api.spec.steps.GetSteps.i_POST_it_to_the_users_endpoint(GetSteps.java:46)
	at ✽.When I POST a correct users /authenticate endpoint(get.feature:7)

