<?xml version="1.0" encoding="UTF-8" ?>
<testsuite tests="22" failures="6" name="io.avalia.user.api.spec.SpecificationTest" time="0.008" errors="0" skipped="0">
  <properties>
    <property name="java.runtime.name" value="Java(TM) SE Runtime Environment"/>
    <property name="sun.boot.library.path" value="/Library/Java/JavaVirtualMachines/jdk1.8.0_144.jdk/Contents/Home/jre/lib"/>
    <property name="java.vm.version" value="25.144-b01"/>
    <property name="gopherProxySet" value="false"/>
    <property name="java.vm.vendor" value="Oracle Corporation"/>
    <property name="maven.multiModuleProjectDirectory" value="/Users/lionelburgbacher/Documents/AMT/AMT_LABO/Project_Two/user-specs"/>
    <property name="java.vendor.url" value="http://java.oracle.com/"/>
    <property name="path.separator" value=":"/>
    <property name="guice.disable.misplaced.annotation.check" value="true"/>
    <property name="java.vm.name" value="Java HotSpot(TM) 64-Bit Server VM"/>
    <property name="file.encoding.pkg" value="sun.io"/>
    <property name="user.country" value="CH"/>
    <property name="sun.java.launcher" value="SUN_STANDARD"/>
    <property name="sun.os.patch.level" value="unknown"/>
    <property name="java.vm.specification.name" value="Java Virtual Machine Specification"/>
    <property name="user.dir" value="/Users/lionelburgbacher/Documents/AMT/AMT_LABO/Project_Two/user-specs"/>
    <property name="java.runtime.version" value="1.8.0_144-b01"/>
    <property name="java.awt.graphicsenv" value="sun.awt.CGraphicsEnvironment"/>
    <property name="java.endorsed.dirs" value="/Library/Java/JavaVirtualMachines/jdk1.8.0_144.jdk/Contents/Home/jre/lib/endorsed"/>
    <property name="os.arch" value="x86_64"/>
    <property name="java.io.tmpdir" value="/var/folders/1k/xsmk6css66q646w3291ny9k00000gn/T/"/>
    <property name="line.separator" value="
"/>
    <property name="java.vm.specification.vendor" value="Oracle Corporation"/>
    <property name="os.name" value="Mac OS X"/>
    <property name="classworlds.conf" value="/usr/local/Cellar/maven/3.6.2/libexec/bin/m2.conf"/>
    <property name="sun.jnu.encoding" value="UTF-8"/>
    <property name="java.library.path" value="/Users/lionelburgbacher/Library/Java/Extensions:/Library/Java/Extensions:/Network/Library/Java/Extensions:/System/Library/Java/Extensions:/usr/lib/java:."/>
    <property name="maven.conf" value="/usr/local/Cellar/maven/3.6.2/libexec/conf"/>
    <property name="java.specification.name" value="Java Platform API Specification"/>
    <property name="java.class.version" value="52.0"/>
    <property name="sun.management.compiler" value="HotSpot 64-Bit Tiered Compilers"/>
    <property name="os.version" value="10.15.2"/>
    <property name="library.jansi.path" value="/usr/local/Cellar/maven/3.6.2/libexec/lib/jansi-native"/>
    <property name="http.nonProxyHosts" value="local|*.local|169.254/16|*.169.254/16"/>
    <property name="user.home" value="/Users/lionelburgbacher"/>
    <property name="user.timezone" value="Europe/Zurich"/>
    <property name="java.awt.printerjob" value="sun.lwawt.macosx.CPrinterJob"/>
    <property name="java.specification.version" value="1.8"/>
    <property name="file.encoding" value="UTF-8"/>
    <property name="user.name" value="lionelburgbacher"/>
    <property name="java.class.path" value="/usr/local/Cellar/maven/3.6.2/libexec/boot/plexus-classworlds-2.6.0.jar"/>
    <property name="java.vm.specification.version" value="1.8"/>
    <property name="sun.arch.data.model" value="64"/>
    <property name="java.home" value="/Library/Java/JavaVirtualMachines/jdk1.8.0_144.jdk/Contents/Home/jre"/>
    <property name="sun.java.command" value="org.codehaus.plexus.classworlds.launcher.Launcher clean test"/>
    <property name="java.specification.vendor" value="Oracle Corporation"/>
    <property name="user.language" value="fr"/>
    <property name="awt.toolkit" value="sun.lwawt.macosx.LWCToolkit"/>
    <property name="java.vm.info" value="mixed mode"/>
    <property name="java.version" value="1.8.0_144"/>
    <property name="java.ext.dirs" value="/Users/lionelburgbacher/Library/Java/Extensions:/Library/Java/JavaVirtualMachines/jdk1.8.0_144.jdk/Contents/Home/jre/lib/ext:/Library/Java/Extensions:/Network/Library/Java/Extensions:/System/Library/Java/Extensions:/usr/lib/java"/>
    <property name="sun.boot.class.path" value="/Library/Java/JavaVirtualMachines/jdk1.8.0_144.jdk/Contents/Home/jre/lib/resources.jar:/Library/Java/JavaVirtualMachines/jdk1.8.0_144.jdk/Contents/Home/jre/lib/rt.jar:/Library/Java/JavaVirtualMachines/jdk1.8.0_144.jdk/Contents/Home/jre/lib/sunrsasign.jar:/Library/Java/JavaVirtualMachines/jdk1.8.0_144.jdk/Contents/Home/jre/lib/jsse.jar:/Library/Java/JavaVirtualMachines/jdk1.8.0_144.jdk/Contents/Home/jre/lib/jce.jar:/Library/Java/JavaVirtualMachines/jdk1.8.0_144.jdk/Contents/Home/jre/lib/charsets.jar:/Library/Java/JavaVirtualMachines/jdk1.8.0_144.jdk/Contents/Home/jre/lib/jfr.jar:/Library/Java/JavaVirtualMachines/jdk1.8.0_144.jdk/Contents/Home/jre/classes"/>
    <property name="java.vendor" value="Oracle Corporation"/>
    <property name="maven.home" value="/usr/local/Cellar/maven/3.6.2/libexec"/>
    <property name="file.separator" value="/"/>
    <property name="java.vendor.url.bug" value="http://bugreport.sun.com/bugreport/"/>
    <property name="sun.cpu.endian" value="little"/>
    <property name="sun.io.unicode.encoding" value="UnicodeBig"/>
    <property name="socksNonProxyHosts" value="local|*.local|169.254/16|*.169.254/16"/>
    <property name="ftp.nonProxyHosts" value="local|*.local|169.254/16|*.169.254/16"/>
    <property name="sun.cpu.isalist" value=""/>
  </properties>
  <testcase classname="Scenario: create a user who already exist" name="Given there is a users server" time="0.002"/>
  <testcase classname="Scenario: create a user who already exist" name="Given I have an authenticate userss" time="0"/>
  <testcase classname="Scenario: create a user who already exist" name="Given I have a user already in payload" time="0"/>
  <testcase classname="Scenario: create a user who already exist" name="When I POST the already in db user to the /users endpoint" time="0"/>
  <testcase classname="Scenario: create a user who already exist" name="Then I receive an other 400 status code" time="0.003">
    <failure message="expected:&lt;400&gt; but was:&lt;0&gt;" type="java.lang.AssertionError">java.lang.AssertionError: expected:&lt;400&gt; but was:&lt;0&gt;
	at org.junit.Assert.fail(Assert.java:88)
	at org.junit.Assert.failNotEquals(Assert.java:834)
	at org.junit.Assert.assertEquals(Assert.java:645)
	at org.junit.Assert.assertEquals(Assert.java:631)
	at io.avalia.user.api.spec.steps.BadCreationSteps.i_receive_a_status_code(BadCreationSteps.java:92)
	at ✽.Then I receive an other 400 status code(badcreation.feature:10)
</failure>
  </testcase>
  <testcase classname="Scenario: create a user who already exist" name="Scenario: create a user who already exist" time="0.003">
    <failure message="expected:&lt;400&gt; but was:&lt;0&gt;" type="java.lang.AssertionError">java.lang.AssertionError: expected:&lt;400&gt; but was:&lt;0&gt;
	at org.junit.Assert.fail(Assert.java:88)
	at org.junit.Assert.failNotEquals(Assert.java:834)
	at org.junit.Assert.assertEquals(Assert.java:645)
	at org.junit.Assert.assertEquals(Assert.java:631)
	at io.avalia.user.api.spec.steps.BadCreationSteps.i_receive_a_status_code(BadCreationSteps.java:92)
	at ✽.Then I receive an other 400 status code(badcreation.feature:10)
</failure>
  </testcase>
  <testcase classname="Scenario: create a users" name="Given there is a users server" time="0"/>
  <testcase classname="Scenario: create a users" name="Given I have an authenticate users" time="0"/>
  <testcase classname="Scenario: create a users" name="Given I have a user payload" time="0"/>
  <testcase classname="Scenario: create a users" name="When I POST it to the /users endpoint" time="0"/>
  <testcase classname="Scenario: create a users" name="Then I receive a 201 status code" time="0">
    <failure message="expected:&lt;201&gt; but was:&lt;0&gt;" type="java.lang.AssertionError">java.lang.AssertionError: expected:&lt;201&gt; but was:&lt;0&gt;
	at org.junit.Assert.fail(Assert.java:88)
	at org.junit.Assert.failNotEquals(Assert.java:834)
	at org.junit.Assert.assertEquals(Assert.java:645)
	at org.junit.Assert.assertEquals(Assert.java:631)
	at io.avalia.user.api.spec.steps.CreationSteps.i_receive_a_status_code(CreationSteps.java:100)
	at ✽.Then I receive a 201 status code(creation.feature:10)
</failure>
  </testcase>
  <testcase classname="Scenario: create a users" name="Scenario: create a users" time="0">
    <failure message="expected:&lt;201&gt; but was:&lt;0&gt;" type="java.lang.AssertionError">java.lang.AssertionError: expected:&lt;201&gt; but was:&lt;0&gt;
	at org.junit.Assert.fail(Assert.java:88)
	at org.junit.Assert.failNotEquals(Assert.java:834)
	at org.junit.Assert.assertEquals(Assert.java:645)
	at org.junit.Assert.assertEquals(Assert.java:631)
	at io.avalia.user.api.spec.steps.CreationSteps.i_receive_a_status_code(CreationSteps.java:100)
	at ✽.Then I receive a 201 status code(creation.feature:10)
</failure>
  </testcase>
  <testcase classname="Scenario: delete a user" name="Given there is a user servers" time="0"/>
  <testcase classname="Scenario: delete a user" name="Given I have an authenticate users with admin rights" time="0"/>
  <testcase classname="Scenario: delete a user" name="When I DELETE it to the /users endpoint" time="0"/>
  <testcase classname="Scenario: delete a user" name="Then I receive again a 200 status code" time="0">
    <failure message="expected:&lt;200&gt; but was:&lt;0&gt;" type="java.lang.AssertionError">java.lang.AssertionError: expected:&lt;200&gt; but was:&lt;0&gt;
	at org.junit.Assert.fail(Assert.java:88)
	at org.junit.Assert.failNotEquals(Assert.java:834)
	at org.junit.Assert.assertEquals(Assert.java:645)
	at org.junit.Assert.assertEquals(Assert.java:631)
	at io.avalia.user.api.spec.steps.DeleteSteps.iReceiveAgainAStatusCode(DeleteSteps.java:82)
	at ✽.Then I receive again a 200 status code(delete.feature:9)
</failure>
  </testcase>
  <testcase classname="Scenario: delete a user" name="Scenario: delete a user" time="0">
    <failure message="expected:&lt;200&gt; but was:&lt;0&gt;" type="java.lang.AssertionError">java.lang.AssertionError: expected:&lt;200&gt; but was:&lt;0&gt;
	at org.junit.Assert.fail(Assert.java:88)
	at org.junit.Assert.failNotEquals(Assert.java:834)
	at org.junit.Assert.assertEquals(Assert.java:645)
	at org.junit.Assert.assertEquals(Assert.java:631)
	at io.avalia.user.api.spec.steps.DeleteSteps.iReceiveAgainAStatusCode(DeleteSteps.java:82)
	at ✽.Then I receive again a 200 status code(delete.feature:9)
</failure>
  </testcase>
  <testcase classname="Scenario: get a token with credentials" name="Given there is a server" time="0"/>
  <testcase classname="Scenario: get a token with credentials" name="Given A user with correct credentials" time="0"/>
  <testcase classname="Scenario: get a token with credentials" name="When I POST a correct users /authenticate endpoint" time="0"/>
  <testcase classname="Scenario: get a token with credentials" name="Then I receive an 200 status code" time="0"/>
  <testcase classname="Scenario: get a token with credentials" name="Scenario: get a token with credentials" time="0"/>
</testsuite>