<?xml version="1.0" encoding="UTF-8" ?>
<testsuite tests="12" failures="0" name="io.avalia.user.api.spec.SpecificationTest" time="0.046" errors="2" skipped="7">
  <properties>
[...]
</properties>
  <testcase classname="Scenario: create a users" name="Given there is a users server" time="0.002"/>
  <testcase classname="Scenario: create a users" name="Given I have an authenticate users" time="0.003">
    <skipped/>
    <system-out>
  Background:                     &amp;#27;[90m# creation.feature:3&amp;#27;[0m
    &amp;#27;[32mGiven &amp;#27;[0m&amp;#27;[32mthere is a users server&amp;#27;[0m &amp;#27;[90m# CreationSteps.there_is_a_users_server()&amp;#27;[0m
</system-out>
  </testcase>
  <testcase classname="Scenario: create a users" name="Then I receive an 200 status code" time="0.004">
    <skipped/>
  </testcase>
  <testcase classname="Scenario: create a users" name="Given I have a user payload" time="0.005">
    <skipped/>
  </testcase>
  <testcase classname="Scenario: create a users" name="When I POST it to the /users endpoint" time="0.005">
    <skipped/>
  </testcase>
  <testcase classname="Scenario: create a users" name="Then I receive a 201 status code" time="0.006">
    <skipped/>
  </testcase>
  <testcase classname="Scenario: create a users" name="Scenario: create a users" time="0.006">
    <skipped/>
  </testcase>
  <testcase classname="Scenario: create a users" name="Scenario: create a users" time="0.006"/>
  <testcase classname="Scenario: get a token with credentials" name="Given there is a server" time="0"/>
  <testcase classname="Scenario: get a token with credentials" name="When I POST a correct users /authenticate endpoint" time="0.003">
    <error message="Expected URL scheme &apos;http&apos; or &apos;https&apos; but no colon was found" type="java.lang.IllegalArgumentException">java.lang.IllegalArgumentException: Expected URL scheme &apos;http&apos; or &apos;https&apos; but no colon was found
	at okhttp3.HttpUrl$Builder.parse$okhttp(HttpUrl.kt:1257)
	at okhttp3.HttpUrl$Companion.get(HttpUrl.kt:1630)
	at okhttp3.Request$Builder.url(Request.kt:184)
	at io.avalia.users.ApiClient.buildRequest(ApiClient.java:1025)
	at io.avalia.users.ApiClient.buildCall(ApiClient.java:1000)
	at io.avalia.users.api.DefaultApi.createAuthenticationTokenCall(DefaultApi.java:226)
	at io.avalia.users.api.DefaultApi.createAuthenticationTokenValidateBeforeCall(DefaultApi.java:238)
	at io.avalia.users.api.DefaultApi.createAuthenticationTokenWithHttpInfo(DefaultApi.java:275)
	at io.avalia.user.api.spec.steps.GetSteps.i_POST_it_to_the_users_endpoint(GetSteps.java:46)
	at ✽.When I POST a correct users /authenticate endpoint(get.feature:7)
</error>
    <system-out>
  Background:               &amp;#27;[90m# get.feature:3&amp;#27;[0m
    &amp;#27;[32mGiven &amp;#27;[0m&amp;#27;[32mthere is a server&amp;#27;[0m &amp;#27;[90m# GetSteps.there_is_a_server()&amp;#27;[0m
</system-out>
  </testcase>
  <testcase classname="Scenario: get a token with credentials" name="Scenario: get a token with credentials" time="0.003">
    <error message="Expected URL scheme &apos;http&apos; or &apos;https&apos; but no colon was found" type="java.lang.IllegalArgumentException">java.lang.IllegalArgumentException: Expected URL scheme &apos;http&apos; or &apos;https&apos; but no colon was found
	at okhttp3.HttpUrl$Builder.parse$okhttp(HttpUrl.kt:1257)
	at okhttp3.HttpUrl$Companion.get(HttpUrl.kt:1630)
	at okhttp3.Request$Builder.url(Request.kt:184)
	at io.avalia.users.ApiClient.buildRequest(ApiClient.java:1025)
	at io.avalia.users.ApiClient.buildCall(ApiClient.java:1000)
	at io.avalia.users.api.DefaultApi.createAuthenticationTokenCall(DefaultApi.java:226)
	at io.avalia.users.api.DefaultApi.createAuthenticationTokenValidateBeforeCall(DefaultApi.java:238)
	at io.avalia.users.api.DefaultApi.createAuthenticationTokenWithHttpInfo(DefaultApi.java:275)
	at io.avalia.user.api.spec.steps.GetSteps.i_POST_it_to_the_users_endpoint(GetSteps.java:46)
	at ✽.When I POST a correct users /authenticate endpoint(get.feature:7)
</error>
  </testcase>
  <testcase classname="Scenario: get a token with credentials" name="Then I receive an 200 status code" time="0.003">
    <skipped/>
  </testcase>
</testsuite>