<?xml version="1.0" encoding="UTF-8" ?>
<testsuite tests="22" failures="6" name="io.avalia.user.api.spec.SpecificationTest" time="0.008" errors="0" skipped="0">
  <properties>
[...]
</properties>
  <testcase classname="Scenario: create a user who already exist" name="Given there is a users server" time="0.002"/>
  <testcase classname="Scenario: create a user who already exist" name="Given I have an authenticate userss" time="0"/>
  <testcase classname="Scenario: create a user who already exist" name="Given I have a user already in payload" time="0"/>
  <testcase classname="Scenario: create a user who already exist" name="When I POST the already in db user to the /users endpoint" time="0"/>
  <testcase classname="Scenario: create a user who already exist" name="Then I receive an other 400 status code" time="0.003">
    <failure message="expected:&lt;400&gt; but was:&lt;0&gt;" type="java.lang.AssertionError">java.lang.AssertionError: expected:&lt;400&gt; but was:&lt;0&gt;
	at org.junit.Assert.fail(Assert.java:88)
	at org.junit.Assert.failNotEquals(Assert.java:834)
	at org.junit.Assert.assertEquals(Assert.java:645)
	at org.junit.Assert.assertEquals(Assert.java:631)
	at io.avalia.user.api.spec.steps.BadCreationSteps.i_receive_a_status_code(BadCreationSteps.java:92)
	at ✽.Then I receive an other 400 status code(badcreation.feature:10)
</failure>
  </testcase>
  <testcase classname="Scenario: create a user who already exist" name="Scenario: create a user who already exist" time="0.003">
    <failure message="expected:&lt;400&gt; but was:&lt;0&gt;" type="java.lang.AssertionError">java.lang.AssertionError: expected:&lt;400&gt; but was:&lt;0&gt;
	at org.junit.Assert.fail(Assert.java:88)
	at org.junit.Assert.failNotEquals(Assert.java:834)
	at org.junit.Assert.assertEquals(Assert.java:645)
	at org.junit.Assert.assertEquals(Assert.java:631)
	at io.avalia.user.api.spec.steps.BadCreationSteps.i_receive_a_status_code(BadCreationSteps.java:92)
	at ✽.Then I receive an other 400 status code(badcreation.feature:10)
</failure>
  </testcase>
  <testcase classname="Scenario: create a users" name="Given there is a users server" time="0"/>
  <testcase classname="Scenario: create a users" name="Given I have an authenticate users" time="0"/>
  <testcase classname="Scenario: create a users" name="Given I have a user payload" time="0"/>
  <testcase classname="Scenario: create a users" name="When I POST it to the /users endpoint" time="0"/>
  <testcase classname="Scenario: create a users" name="Then I receive a 201 status code" time="0">
    <failure message="expected:&lt;201&gt; but was:&lt;0&gt;" type="java.lang.AssertionError">java.lang.AssertionError: expected:&lt;201&gt; but was:&lt;0&gt;
	at org.junit.Assert.fail(Assert.java:88)
	at org.junit.Assert.failNotEquals(Assert.java:834)
	at org.junit.Assert.assertEquals(Assert.java:645)
	at org.junit.Assert.assertEquals(Assert.java:631)
	at io.avalia.user.api.spec.steps.CreationSteps.i_receive_a_status_code(CreationSteps.java:100)
	at ✽.Then I receive a 201 status code(creation.feature:10)
</failure>
  </testcase>
  <testcase classname="Scenario: create a users" name="Scenario: create a users" time="0">
    <failure message="expected:&lt;201&gt; but was:&lt;0&gt;" type="java.lang.AssertionError">java.lang.AssertionError: expected:&lt;201&gt; but was:&lt;0&gt;
	at org.junit.Assert.fail(Assert.java:88)
	at org.junit.Assert.failNotEquals(Assert.java:834)
	at org.junit.Assert.assertEquals(Assert.java:645)
	at org.junit.Assert.assertEquals(Assert.java:631)
	at io.avalia.user.api.spec.steps.CreationSteps.i_receive_a_status_code(CreationSteps.java:100)
	at ✽.Then I receive a 201 status code(creation.feature:10)
</failure>
  </testcase>
  <testcase classname="Scenario: delete a user" name="Given there is a user servers" time="0"/>
  <testcase classname="Scenario: delete a user" name="Given I have an authenticate users with admin rights" time="0"/>
  <testcase classname="Scenario: delete a user" name="When I DELETE it to the /users endpoint" time="0"/>
  <testcase classname="Scenario: delete a user" name="Then I receive again a 200 status code" time="0">
    <failure message="expected:&lt;200&gt; but was:&lt;0&gt;" type="java.lang.AssertionError">java.lang.AssertionError: expected:&lt;200&gt; but was:&lt;0&gt;
	at org.junit.Assert.fail(Assert.java:88)
	at org.junit.Assert.failNotEquals(Assert.java:834)
	at org.junit.Assert.assertEquals(Assert.java:645)
	at org.junit.Assert.assertEquals(Assert.java:631)
	at io.avalia.user.api.spec.steps.DeleteSteps.iReceiveAgainAStatusCode(DeleteSteps.java:82)
	at ✽.Then I receive again a 200 status code(delete.feature:9)
</failure>
  </testcase>
  <testcase classname="Scenario: delete a user" name="Scenario: delete a user" time="0">
    <failure message="expected:&lt;200&gt; but was:&lt;0&gt;" type="java.lang.AssertionError">java.lang.AssertionError: expected:&lt;200&gt; but was:&lt;0&gt;
	at org.junit.Assert.fail(Assert.java:88)
	at org.junit.Assert.failNotEquals(Assert.java:834)
	at org.junit.Assert.assertEquals(Assert.java:645)
	at org.junit.Assert.assertEquals(Assert.java:631)
	at io.avalia.user.api.spec.steps.DeleteSteps.iReceiveAgainAStatusCode(DeleteSteps.java:82)
	at ✽.Then I receive again a 200 status code(delete.feature:9)
</failure>
  </testcase>
  <testcase classname="Scenario: get a token with credentials" name="Given there is a server" time="0"/>
  <testcase classname="Scenario: get a token with credentials" name="Given A user with correct credentials" time="0"/>
  <testcase classname="Scenario: get a token with credentials" name="When I POST a correct users /authenticate endpoint" time="0"/>
  <testcase classname="Scenario: get a token with credentials" name="Then I receive an 200 status code" time="0"/>
  <testcase classname="Scenario: get a token with credentials" name="Scenario: get a token with credentials" time="0"/>
</testsuite>